  ConsoleApplication4.cpp
C:\Users\PC\source\repos\ConsoleApplication4\ConsoleApplication4\ConsoleApplication4.cpp(82,28): warning C4101: exception: неиспользованная локальная переменная
C:\Users\PC\source\repos\ConsoleApplication4\ConsoleApplication4\ConsoleApplication4.cpp(136,28): warning C4101: exception: неиспользованная локальная переменная
C:\Users\PC\source\repos\ConsoleApplication4\ConsoleApplication4\ConsoleApplication4.cpp(289,28): warning C4101: exception: неиспользованная локальная переменная
C:\Users\PC\source\repos\ConsoleApplication4\ConsoleApplication4\ConsoleApplication4.cpp(340,28): warning C4101: exception: неиспользованная локальная переменная
C:\Users\PC\source\repos\ConsoleApplication4\ConsoleApplication4\ConsoleApplication4.cpp(482,28): warning C4101: exception: неиспользованная локальная переменная
C:\Users\PC\source\repos\ConsoleApplication4\ConsoleApplication4\ConsoleApplication4.cpp(705,1): warning C4267: аргумент: преобразование из "size_t" в "int"; возможна потеря данных
C:\Users\PC\source\repos\ConsoleApplication4\ConsoleApplication4\ConsoleApplication4.cpp(746,1): warning C4267: инициализация: преобразование из "size_t" в "int"; возможна потеря данных
C:\Users\PC\source\repos\ConsoleApplication4\ConsoleApplication4\ConsoleApplication4.cpp(797,1): warning C4267: аргумент: преобразование из "size_t" в "int"; возможна потеря данных
C:\Users\PC\source\repos\ConsoleApplication4\ConsoleApplication4\ConsoleApplication4.cpp(814,33): warning C4101: ex: неиспользованная локальная переменная
C:\Users\PC\source\repos\ConsoleApplication4\ConsoleApplication4\ConsoleApplication4.cpp(875,33): warning C4101: ex: неиспользованная локальная переменная
C:\Users\PC\source\repos\ConsoleApplication4\ConsoleApplication4\ConsoleApplication4.cpp(894,1): warning C4267: аргумент: преобразование из "size_t" в "int"; возможна потеря данных
C:\Users\PC\source\repos\ConsoleApplication4\ConsoleApplication4\ConsoleApplication4.cpp(913,33): warning C4101: ex: неиспользованная локальная переменная
C:\Users\PC\source\repos\ConsoleApplication4\ConsoleApplication4\ConsoleApplication4.cpp(1000,33): warning C4101: ex: неиспользованная локальная переменная
C:\Users\PC\source\repos\ConsoleApplication4\ConsoleApplication4\ConsoleApplication4.cpp(1109,33): warning C4101: ex: неиспользованная локальная переменная
C:\Users\PC\source\repos\ConsoleApplication4\ConsoleApplication4\ConsoleApplication4.cpp(1314,1): warning C4267: =: преобразование из "size_t" в "int"; возможна потеря данных
C:\Users\PC\source\repos\ConsoleApplication4\ConsoleApplication4\ConsoleApplication4.cpp(1359,1): warning C4267: =: преобразование из "size_t" в "int"; возможна потеря данных
C:\Users\PC\source\repos\ConsoleApplication4\ConsoleApplication4\ConsoleApplication4.cpp(1417,1): warning C4267: =: преобразование из "size_t" в "int"; возможна потеря данных
C:\Users\PC\source\repos\ConsoleApplication4\ConsoleApplication4\ConsoleApplication4.cpp(373): warning C4715: Result::ReadResult: значение возвращается не при всех путях выполнения
C:\Users\PC\source\repos\ConsoleApplication4\ConsoleApplication4\ConsoleApplication4.cpp(91): warning C4715: Test::ReadQuestionAndAnswer: значение возвращается не при всех путях выполнения
  ConsoleApplication4.vcxproj -> C:\Users\PC\source\repos\ConsoleApplication4\x64\Debug\ConsoleApplication4.exe
